0 info it worked if it ends with ok
1 verbose cli [ 'node', '/usr/local/bin/npm', 'install', 'urlencoded' ]
2 info using npm@2.10.1
3 info using node@v0.12.4
4 verbose node symlink /usr/local/bin/node
5 verbose install initial load of /Users/willsam100/code/node/questionsAndAnswers/package.json
6 warn package.json qanda@1.0.0 No description
7 warn package.json qanda@1.0.0 No repository field.
8 warn package.json qanda@1.0.0 No README data
9 verbose installManyTop reading scoped package data from /Users/willsam100/code/node/questionsAndAnswers/node_modules/body-parser/package.json
10 verbose installManyTop reading scoped package data from /Users/willsam100/code/node/questionsAndAnswers/node_modules/express/package.json
11 verbose installManyTop reading scoped package data from /Users/willsam100/code/node/questionsAndAnswers/node_modules/json/package.json
12 verbose installManyTop reading scoped package data from /Users/willsam100/code/node/questionsAndAnswers/node_modules/mandrill-api/package.json
13 info package.json mandrill-api@1.0.45 No README data
14 info package.json mandrill-api@1.0.45 No license field.
15 info package.json json@9.0.3 No license field.
16 verbose readDependencies loading dependencies from /Users/willsam100/code/node/questionsAndAnswers/package.json
17 silly cache add args [ 'urlencoded', null ]
18 verbose cache add spec urlencoded
19 silly cache add parsed spec { raw: 'urlencoded',
19 silly cache add   scope: null,
19 silly cache add   name: 'urlencoded',
19 silly cache add   rawSpec: '',
19 silly cache add   spec: '*',
19 silly cache add   type: 'range' }
20 silly addNamed urlencoded@*
21 verbose addNamed "*" is a valid semver range for urlencoded
22 silly addNameRange { name: 'urlencoded', range: '*', hasData: false }
23 silly mapToRegistry name urlencoded
24 silly mapToRegistry using default registry
25 silly mapToRegistry registry https://registry.npmjs.org/
26 silly mapToRegistry uri https://registry.npmjs.org/urlencoded
27 verbose addNameRange registry:https://registry.npmjs.org/urlencoded not in flight; fetching
28 verbose request uri https://registry.npmjs.org/urlencoded
29 verbose request no auth needed
30 info attempt registry request try #1 at 19:51:59
31 verbose request id 4821e8336b1b2b3e
32 http request GET https://registry.npmjs.org/urlencoded
33 http 404 https://registry.npmjs.org/urlencoded
34 verbose headers { server: 'CouchDB/1.5.0 (Erlang OTP/R16B03)',
34 verbose headers   'content-type': 'application/json',
34 verbose headers   'cache-control': 'max-age=0',
34 verbose headers   'content-length': '51',
34 verbose headers   'accept-ranges': 'bytes',
34 verbose headers   date: 'Thu, 18 Jun 2015 07:51:33 GMT',
34 verbose headers   via: '1.1 varnish',
34 verbose headers   age: '0',
34 verbose headers   connection: 'keep-alive',
34 verbose headers   'x-served-by': 'cache-akl6421-AKL',
34 verbose headers   'x-cache': 'MISS',
34 verbose headers   'x-cache-hits': '0',
34 verbose headers   'x-timer': 'S1434613892.376050,VS0,VE842' }
35 silly get cb [ 404,
35 silly get   { server: 'CouchDB/1.5.0 (Erlang OTP/R16B03)',
35 silly get     'content-type': 'application/json',
35 silly get     'cache-control': 'max-age=0',
35 silly get     'content-length': '51',
35 silly get     'accept-ranges': 'bytes',
35 silly get     date: 'Thu, 18 Jun 2015 07:51:33 GMT',
35 silly get     via: '1.1 varnish',
35 silly get     age: '0',
35 silly get     connection: 'keep-alive',
35 silly get     'x-served-by': 'cache-akl6421-AKL',
35 silly get     'x-cache': 'MISS',
35 silly get     'x-cache-hits': '0',
35 silly get     'x-timer': 'S1434613892.376050,VS0,VE842' } ]
36 verbose stack Error: 404 Not Found: urlencoded
36 verbose stack     at CachingRegistryClient.<anonymous> (/usr/local/lib/node_modules/npm/node_modules/npm-registry-client/lib/request.js:245:14)
36 verbose stack     at Request._callback (/usr/local/lib/node_modules/npm/node_modules/npm-registry-client/lib/request.js:170:14)
36 verbose stack     at Request.self.callback (/usr/local/lib/node_modules/npm/node_modules/request/request.js:368:22)
36 verbose stack     at Request.emit (events.js:110:17)
36 verbose stack     at Request.<anonymous> (/usr/local/lib/node_modules/npm/node_modules/request/request.js:1219:14)
36 verbose stack     at Request.emit (events.js:129:20)
36 verbose stack     at IncomingMessage.<anonymous> (/usr/local/lib/node_modules/npm/node_modules/request/request.js:1167:12)
36 verbose stack     at IncomingMessage.emit (events.js:129:20)
36 verbose stack     at _stream_readable.js:908:16
36 verbose stack     at process._tickCallback (node.js:355:11)
37 verbose statusCode 404
38 verbose pkgid urlencoded
39 verbose cwd /Users/willsam100/code/node/questionsAndAnswers
40 error Darwin 14.3.0
41 error argv "node" "/usr/local/bin/npm" "install" "urlencoded"
42 error node v0.12.4
43 error npm  v2.10.1
44 error code E404
45 error 404 Not Found: urlencoded
45 error 404
45 error 404 'urlencoded' is not in the npm registry.
45 error 404 You should bug the author to publish it (or use the name yourself!)
45 error 404 It was specified as a dependency of 'qanda'
45 error 404
45 error 404 Note that you can also install from a
45 error 404 tarball, folder, http url, or git url.
46 verbose exit [ 1, true ]
